  [1m[35m (29.4ms)[0m  [1m[35mCREATE TABLE "schema_migrations" ("version" varchar NOT NULL PRIMARY KEY)[0m
  [1m[35m (3.6ms)[0m  [1m[35mCREATE TABLE "ar_internal_metadata" ("key" varchar NOT NULL PRIMARY KEY, "value" varchar, "created_at" datetime NOT NULL, "updated_at" datetime NOT NULL)[0m
  [1m[36mActiveRecord::SchemaMigration Load (0.2ms)[0m  [1m[34mSELECT "schema_migrations".* FROM "schema_migrations"[0m
Migrating to DeviseCreateUsers (20161016010613)
  [1m[35m (0.1ms)[0m  [1m[36mbegin transaction[0m
  [1m[35m (0.4ms)[0m  [1m[35mCREATE TABLE "users" ("id" INTEGER PRIMARY KEY AUTOINCREMENT NOT NULL, "username" varchar, "email" varchar DEFAULT '' NOT NULL, "encrypted_password" varchar DEFAULT '' NOT NULL, "created_at" datetime NOT NULL, "updated_at" datetime NOT NULL)[0m
  [1m[35m (0.1ms)[0m  [1m[34mselect sqlite_version(*)[0m
  [1m[35m (0.1ms)[0m  [1m[35mCREATE UNIQUE INDEX "index_users_on_email" ON "users" ("email")[0m
  [1m[35mSQL (0.3ms)[0m  [1m[32mINSERT INTO "schema_migrations" ("version") VALUES (?)[0m  [["version", "20161016010613"]]
  [1m[35m (4.2ms)[0m  [1m[36mcommit transaction[0m
Migrating to CreateCourses (20161016142954)
  [1m[35m (0.1ms)[0m  [1m[36mbegin transaction[0m
  [1m[35m (3.0ms)[0m  [1m[35mCREATE TABLE "courses" ("id" INTEGER PRIMARY KEY AUTOINCREMENT NOT NULL, "user_id" integer, "course_title" varchar, "topic" varchar, "created_at" datetime NOT NULL, "updated_at" datetime NOT NULL)[0m
  [1m[35m (0.3ms)[0m  [1m[35mCREATE  INDEX "index_courses_on_user_id" ON "courses" ("user_id")[0m
  [1m[35mSQL (0.4ms)[0m  [1m[32mINSERT INTO "schema_migrations" ("version") VALUES (?)[0m  [["version", "20161016142954"]]
  [1m[35m (5.1ms)[0m  [1m[36mcommit transaction[0m
Migrating to CreateTasks (20161016143058)
  [1m[35m (0.1ms)[0m  [1m[36mbegin transaction[0m
  [1m[35m (0.5ms)[0m  [1m[35mCREATE TABLE "tasks" ("id" INTEGER PRIMARY KEY AUTOINCREMENT NOT NULL, "title" varchar, "description" varchar, "goal_date" date, "course_id" integer, "created_at" datetime NOT NULL, "updated_at" datetime NOT NULL)[0m
  [1m[35m (0.2ms)[0m  [1m[35mCREATE  INDEX "index_tasks_on_course_id" ON "tasks" ("course_id")[0m
  [1m[35mSQL (0.6ms)[0m  [1m[32mINSERT INTO "schema_migrations" ("version") VALUES (?)[0m  [["version", "20161016143058"]]
  [1m[35m (8.8ms)[0m  [1m[36mcommit transaction[0m
Migrating to CreateCheers (20161016143652)
  [1m[35m (0.1ms)[0m  [1m[36mbegin transaction[0m
  [1m[35m (2.2ms)[0m  [1m[35mCREATE TABLE "cheers" ("id" INTEGER PRIMARY KEY AUTOINCREMENT NOT NULL, "content" varchar, "user_id" integer, "course_id" integer, "created_at" datetime NOT NULL, "updated_at" datetime NOT NULL)[0m
  [1m[35m (0.3ms)[0m  [1m[35mCREATE  INDEX "index_cheers_on_user_id" ON "cheers" ("user_id")[0m
  [1m[35m (0.2ms)[0m  [1m[34m            SELECT sql
            FROM sqlite_master
            WHERE name='index_cheers_on_user_id' AND type='index'
            UNION ALL
            SELECT sql
            FROM sqlite_temp_master
            WHERE name='index_cheers_on_user_id' AND type='index'
[0m
  [1m[35m (0.1ms)[0m  [1m[35mCREATE  INDEX "index_cheers_on_course_id" ON "cheers" ("course_id")[0m
  [1m[35mSQL (1.7ms)[0m  [1m[32mINSERT INTO "schema_migrations" ("version") VALUES (?)[0m  [["version", "20161016143652"]]
  [1m[35m (9.6ms)[0m  [1m[36mcommit transaction[0m
Migrating to AddOmniauthToUsers (20161019145703)
  [1m[35m (0.1ms)[0m  [1m[36mbegin transaction[0m
  [1m[35m (6.4ms)[0m  [1m[35mALTER TABLE "users" ADD "provider" varchar[0m
  [1m[35m (0.2ms)[0m  [1m[35mALTER TABLE "users" ADD "uid" varchar[0m
  [1m[35mSQL (2.0ms)[0m  [1m[32mINSERT INTO "schema_migrations" ("version") VALUES (?)[0m  [["version", "20161019145703"]]
  [1m[35m (4.8ms)[0m  [1m[36mcommit transaction[0m
  [1m[36mActiveRecord::InternalMetadata Load (0.4ms)[0m  [1m[34mSELECT  "ar_internal_metadata".* FROM "ar_internal_metadata" WHERE "ar_internal_metadata"."key" = ? LIMIT ?[0m  [["key", :environment], ["LIMIT", 1]]
  [1m[35m (0.1ms)[0m  [1m[36mbegin transaction[0m
  [1m[35mSQL (0.5ms)[0m  [1m[32mINSERT INTO "ar_internal_metadata" ("key", "value", "created_at", "updated_at") VALUES (?, ?, ?, ?)[0m  [["key", "environment"], ["value", "development"], ["created_at", 2016-11-05 18:58:55 UTC], ["updated_at", 2016-11-05 18:58:55 UTC]]
  [1m[35m (7.6ms)[0m  [1m[36mcommit transaction[0m
  [1m[36mActiveRecord::SchemaMigration Load (0.1ms)[0m  [1m[34mSELECT "schema_migrations".* FROM "schema_migrations"[0m
  [1m[35m (0.1ms)[0m  [1m[34m            SELECT sql
            FROM sqlite_master
            WHERE name='index_cheers_on_course_id' AND type='index'
            UNION ALL
            SELECT sql
            FROM sqlite_temp_master
            WHERE name='index_cheers_on_course_id' AND type='index'
[0m
  [1m[35m (0.2ms)[0m  [1m[34m            SELECT sql
            FROM sqlite_master
            WHERE name='index_cheers_on_user_id' AND type='index'
            UNION ALL
            SELECT sql
            FROM sqlite_temp_master
            WHERE name='index_cheers_on_user_id' AND type='index'
[0m
  [1m[35m (0.1ms)[0m  [1m[34m            SELECT sql
            FROM sqlite_master
            WHERE name='index_courses_on_user_id' AND type='index'
            UNION ALL
            SELECT sql
            FROM sqlite_temp_master
            WHERE name='index_courses_on_user_id' AND type='index'
[0m
  [1m[35m (0.1ms)[0m  [1m[34m            SELECT sql
            FROM sqlite_master
            WHERE name='index_tasks_on_course_id' AND type='index'
            UNION ALL
            SELECT sql
            FROM sqlite_temp_master
            WHERE name='index_tasks_on_course_id' AND type='index'
[0m
  [1m[35m (0.1ms)[0m  [1m[34m            SELECT sql
            FROM sqlite_master
            WHERE name='index_users_on_email' AND type='index'
            UNION ALL
            SELECT sql
            FROM sqlite_temp_master
            WHERE name='index_users_on_email' AND type='index'
[0m
  [1m[36mActiveRecord::SchemaMigration Load (0.1ms)[0m  [1m[34mSELECT "schema_migrations".* FROM "schema_migrations"[0m
  [1m[35m (0.1ms)[0m  [1m[36mbegin transaction[0m
  [1m[36mUser Exists (0.3ms)[0m  [1m[34mSELECT  1 AS one FROM "users" WHERE "users"."email" = ? LIMIT ?[0m  [["email", "dax.charles@whatever.com"], ["LIMIT", 1]]
  [1m[35mSQL (1.1ms)[0m  [1m[32mINSERT INTO "users" ("username", "email", "encrypted_password", "created_at", "updated_at") VALUES (?, ?, ?, ?, ?)[0m  [["username", "Dax"], ["email", "dax.charles@whatever.com"], ["encrypted_password", "$2a$11$lOcpoVC8d1qhdw1RCtFoseFqOJwDgULJuny1PmglwAUuGKvAFEzTS"], ["created_at", 2016-11-05 18:59:01 UTC], ["updated_at", 2016-11-05 18:59:01 UTC]]
  [1m[35m (29.0ms)[0m  [1m[36mcommit transaction[0m
  [1m[35m (0.1ms)[0m  [1m[36mbegin transaction[0m
  [1m[36mUser Exists (0.1ms)[0m  [1m[34mSELECT  1 AS one FROM "users" WHERE "users"."email" = ? LIMIT ?[0m  [["email", "skaijackson@doodle.com"], ["LIMIT", 1]]
  [1m[35mSQL (0.5ms)[0m  [1m[32mINSERT INTO "users" ("username", "email", "encrypted_password", "created_at", "updated_at") VALUES (?, ?, ?, ?, ?)[0m  [["username", "Jax"], ["email", "skaijackson@doodle.com"], ["encrypted_password", "$2a$11$c.eyRaBkvjYMsv4ofGEnWuNmeYQpMTpLQv.F7dF17IUUmlIpqGApi"], ["created_at", 2016-11-05 18:59:02 UTC], ["updated_at", 2016-11-05 18:59:02 UTC]]
  [1m[35m (3.6ms)[0m  [1m[36mcommit transaction[0m
  [1m[35m (0.1ms)[0m  [1m[36mbegin transaction[0m
  [1m[36mUser Exists (0.1ms)[0m  [1m[34mSELECT  1 AS one FROM "users" WHERE "users"."email" = ? LIMIT ?[0m  [["email", "kaleisgreat@doodle.com"], ["LIMIT", 1]]
  [1m[35mSQL (0.4ms)[0m  [1m[32mINSERT INTO "users" ("username", "email", "encrypted_password", "created_at", "updated_at") VALUES (?, ?, ?, ?, ?)[0m  [["username", "Kay"], ["email", "kaleisgreat@doodle.com"], ["encrypted_password", "$2a$11$SrWeW7HcSVgbZRYAdp/Rjubuf9e538EPqNHOsntBBQdOTCKuiUbwy"], ["created_at", 2016-11-05 18:59:02 UTC], ["updated_at", 2016-11-05 18:59:02 UTC]]
  [1m[35m (28.9ms)[0m  [1m[36mcommit transaction[0m
  [1m[35m (0.0ms)[0m  [1m[36mbegin transaction[0m
  [1m[36mUser Load (0.2ms)[0m  [1m[34mSELECT  "users".* FROM "users" WHERE "users"."id" = ? LIMIT ?[0m  [["id", 1], ["LIMIT", 1]]
  [1m[35mSQL (0.4ms)[0m  [1m[32mINSERT INTO "courses" ("user_id", "course_title", "topic", "created_at", "updated_at") VALUES (?, ?, ?, ?, ?)[0m  [["user_id", 1], ["course_title", "Raspberry Pi: Full Stack"], ["topic", "IoT"], ["created_at", 2016-11-05 18:59:02 UTC], ["updated_at", 2016-11-05 18:59:02 UTC]]
  [1m[35m (2.8ms)[0m  [1m[36mcommit transaction[0m
  [1m[35m (0.1ms)[0m  [1m[36mbegin transaction[0m
  [1m[36mUser Load (0.1ms)[0m  [1m[34mSELECT  "users".* FROM "users" WHERE "users"."id" = ? LIMIT ?[0m  [["id", 2], ["LIMIT", 1]]
  [1m[35mSQL (0.5ms)[0m  [1m[32mINSERT INTO "courses" ("user_id", "course_title", "topic", "created_at", "updated_at") VALUES (?, ?, ?, ?, ?)[0m  [["user_id", 2], ["course_title", "Complete Ethical Hacking Course"], ["topic", "Infosec"], ["created_at", 2016-11-05 18:59:02 UTC], ["updated_at", 2016-11-05 18:59:02 UTC]]
  [1m[35m (2.8ms)[0m  [1m[36mcommit transaction[0m
  [1m[35m (0.0ms)[0m  [1m[36mbegin transaction[0m
  [1m[36mUser Load (0.1ms)[0m  [1m[34mSELECT  "users".* FROM "users" WHERE "users"."id" = ? LIMIT ?[0m  [["id", 2], ["LIMIT", 1]]
  [1m[35mSQL (0.6ms)[0m  [1m[32mINSERT INTO "courses" ("user_id", "course_title", "topic", "created_at", "updated_at") VALUES (?, ?, ?, ?, ?)[0m  [["user_id", 2], ["course_title", "Learn.co"], ["topic", "Web Development"], ["created_at", 2016-11-05 18:59:02 UTC], ["updated_at", 2016-11-05 18:59:02 UTC]]
  [1m[35m (2.6ms)[0m  [1m[36mcommit transaction[0m
  [1m[35m (0.0ms)[0m  [1m[36mbegin transaction[0m
  [1m[36mCourse Load (0.1ms)[0m  [1m[34mSELECT  "courses".* FROM "courses" WHERE "courses"."id" = ? LIMIT ?[0m  [["id", 3], ["LIMIT", 1]]
  [1m[35mSQL (0.5ms)[0m  [1m[32mINSERT INTO "tasks" ("title", "description", "goal_date", "course_id", "created_at", "updated_at") VALUES (?, ?, ?, ?, ?, ?)[0m  [["title", "Finish Rails"], ["description", "Build project for Rails Assessment"], ["goal_date", Fri, 04 Nov 2016], ["course_id", 3], ["created_at", 2016-11-05 18:59:02 UTC], ["updated_at", 2016-11-05 18:59:02 UTC]]
  [1m[35m (2.8ms)[0m  [1m[36mcommit transaction[0m
  [1m[35m (0.1ms)[0m  [1m[36mbegin transaction[0m
  [1m[36mCourse Load (0.1ms)[0m  [1m[34mSELECT  "courses".* FROM "courses" WHERE "courses"."id" = ? LIMIT ?[0m  [["id", 1], ["LIMIT", 1]]
  [1m[35mSQL (0.4ms)[0m  [1m[32mINSERT INTO "tasks" ("title", "description", "goal_date", "course_id", "created_at", "updated_at") VALUES (?, ?, ?, ?, ?, ?)[0m  [["title", "Set Up SSH"], ["description", "Set up SSH connection for headless Raspberry Pi"], ["goal_date", Mon, 05 Dec 2016], ["course_id", 1], ["created_at", 2016-11-05 18:59:02 UTC], ["updated_at", 2016-11-05 18:59:02 UTC]]
  [1m[35m (3.1ms)[0m  [1m[36mcommit transaction[0m
  [1m[35m (0.1ms)[0m  [1m[36mbegin transaction[0m
  [1m[36mCourse Load (0.1ms)[0m  [1m[34mSELECT  "courses".* FROM "courses" WHERE "courses"."id" = ? LIMIT ?[0m  [["id", 2], ["LIMIT", 1]]
  [1m[35mSQL (0.4ms)[0m  [1m[32mINSERT INTO "tasks" ("title", "description", "goal_date", "course_id", "created_at", "updated_at") VALUES (?, ?, ?, ?, ?, ?)[0m  [["title", "Install Kali"], ["description", "Create virtual machine and install Kali Linux"], ["goal_date", Mon, 05 Dec 2016], ["course_id", 2], ["created_at", 2016-11-05 18:59:02 UTC], ["updated_at", 2016-11-05 18:59:02 UTC]]
  [1m[35m (2.7ms)[0m  [1m[36mcommit transaction[0m
  [1m[35m (0.1ms)[0m  [1m[36mbegin transaction[0m
  [1m[36mCourse Load (0.1ms)[0m  [1m[34mSELECT  "courses".* FROM "courses" WHERE "courses"."id" = ? LIMIT ?[0m  [["id", 3], ["LIMIT", 1]]
  [1m[35mSQL (0.5ms)[0m  [1m[32mINSERT INTO "tasks" ("title", "description", "goal_date", "course_id", "created_at", "updated_at") VALUES (?, ?, ?, ?, ?, ?)[0m  [["title", "Finish JavaScript"], ["description", "Complete all JavaScript assignments"], ["goal_date", Sun, 06 Nov 2016], ["course_id", 3], ["created_at", 2016-11-05 18:59:02 UTC], ["updated_at", 2016-11-05 18:59:02 UTC]]
  [1m[35m (2.8ms)[0m  [1m[36mcommit transaction[0m
  [1m[35m (0.0ms)[0m  [1m[36mbegin transaction[0m
  [1m[36mUser Load (0.1ms)[0m  [1m[34mSELECT  "users".* FROM "users" WHERE "users"."id" = ? LIMIT ?[0m  [["id", 1], ["LIMIT", 1]]
  [1m[36mCourse Load (0.1ms)[0m  [1m[34mSELECT  "courses".* FROM "courses" WHERE "courses"."id" = ? LIMIT ?[0m  [["id", 1], ["LIMIT", 1]]
  [1m[35mSQL (0.5ms)[0m  [1m[32mINSERT INTO "cheers" ("content", "user_id", "course_id", "created_at", "updated_at") VALUES (?, ?, ?, ?, ?)[0m  [["content", "Keep up the good work! I know you can finish."], ["user_id", 1], ["course_id", 1], ["created_at", 2016-11-05 18:59:02 UTC], ["updated_at", 2016-11-05 18:59:02 UTC]]
  [1m[35m (2.8ms)[0m  [1m[36mcommit transaction[0m
  [1m[35m (0.1ms)[0m  [1m[36mbegin transaction[0m
  [1m[36mUser Load (0.1ms)[0m  [1m[34mSELECT  "users".* FROM "users" WHERE "users"."id" = ? LIMIT ?[0m  [["id", 2], ["LIMIT", 1]]
  [1m[36mCourse Load (0.0ms)[0m  [1m[34mSELECT  "courses".* FROM "courses" WHERE "courses"."id" = ? LIMIT ?[0m  [["id", 3], ["LIMIT", 1]]
  [1m[35mSQL (0.6ms)[0m  [1m[32mINSERT INTO "cheers" ("content", "user_id", "course_id", "created_at", "updated_at") VALUES (?, ?, ?, ?, ?)[0m  [["content", "Noticed you've got a goal date coming up this week, You can do it!"], ["user_id", 2], ["course_id", 3], ["created_at", 2016-11-05 18:59:02 UTC], ["updated_at", 2016-11-05 18:59:02 UTC]]
  [1m[35m (2.4ms)[0m  [1m[36mcommit transaction[0m
  [1m[35m (0.1ms)[0m  [1m[36mbegin transaction[0m
  [1m[36mUser Load (0.1ms)[0m  [1m[34mSELECT  "users".* FROM "users" WHERE "users"."id" = ? LIMIT ?[0m  [["id", 3], ["LIMIT", 1]]
  [1m[36mCourse Load (0.0ms)[0m  [1m[34mSELECT  "courses".* FROM "courses" WHERE "courses"."id" = ? LIMIT ?[0m  [["id", 3], ["LIMIT", 1]]
  [1m[35mSQL (0.6ms)[0m  [1m[32mINSERT INTO "cheers" ("content", "user_id", "course_id", "created_at", "updated_at") VALUES (?, ?, ?, ?, ?)[0m  [["content", "Don't get discouraged, you're almost there!!!"], ["user_id", 3], ["course_id", 3], ["created_at", 2016-11-05 18:59:02 UTC], ["updated_at", 2016-11-05 18:59:02 UTC]]
  [1m[35m (2.5ms)[0m  [1m[36mcommit transaction[0m
  [1m[35m (0.1ms)[0m  [1m[36mbegin transaction[0m
  [1m[36mUser Load (0.1ms)[0m  [1m[34mSELECT  "users".* FROM "users" WHERE "users"."id" = ? LIMIT ?[0m  [["id", 3], ["LIMIT", 1]]
  [1m[35mSQL (0.4ms)[0m  [1m[32mINSERT INTO "courses" ("user_id", "course_title", "topic", "created_at", "updated_at") VALUES (?, ?, ?, ?, ?)[0m  [["user_id", 3], ["course_title", "Intro to Java"], ["topic", "Java"], ["created_at", 2016-11-05 18:59:02 UTC], ["updated_at", 2016-11-05 18:59:02 UTC]]
  [1m[35m (2.5ms)[0m  [1m[36mcommit transaction[0m
  [1m[35m (0.1ms)[0m  [1m[36mbegin transaction[0m
  [1m[36mCourse Load (0.1ms)[0m  [1m[34mSELECT  "courses".* FROM "courses" WHERE "courses"."id" = ? LIMIT ?[0m  [["id", 4], ["LIMIT", 1]]
  [1m[35mSQL (0.5ms)[0m  [1m[32mINSERT INTO "tasks" ("title", "description", "goal_date", "course_id", "created_at", "updated_at") VALUES (?, ?, ?, ?, ?, ?)[0m  [["title", "Install Eclipse"], ["description", "Get text editor Eclipse installed"], ["goal_date", Mon, 05 Dec 2016], ["course_id", 4], ["created_at", 2016-11-05 18:59:02 UTC], ["updated_at", 2016-11-05 18:59:02 UTC]]
  [1m[35m (2.6ms)[0m  [1m[36mcommit transaction[0m
  [1m[35m (0.1ms)[0m  [1m[36mbegin transaction[0m
  [1m[35m (0.0ms)[0m  [1m[36mcommit transaction[0m
  [1m[35m (0.0ms)[0m  [1m[36mbegin transaction[0m
  [1m[35m (0.0ms)[0m  [1m[36mcommit transaction[0m
  [1m[35m (0.0ms)[0m  [1m[36mbegin transaction[0m
  [1m[35m (0.0ms)[0m  [1m[36mcommit transaction[0m
  [1m[35m (0.0ms)[0m  [1m[36mbegin transaction[0m
  [1m[35m (0.0ms)[0m  [1m[36mcommit transaction[0m
  [1m[35m (0.0ms)[0m  [1m[36mbegin transaction[0m
  [1m[35m (0.0ms)[0m  [1m[36mcommit transaction[0m
  [1m[35m (0.0ms)[0m  [1m[36mbegin transaction[0m
  [1m[35m (0.0ms)[0m  [1m[36mcommit transaction[0m
  [1m[35m (0.0ms)[0m  [1m[36mbegin transaction[0m
  [1m[35m (0.0ms)[0m  [1m[36mcommit transaction[0m
Started GET "/users/sign_in" for 127.0.0.1 at 2016-11-05 14:59:16 -0400
  [1m[36mActiveRecord::SchemaMigration Load (0.1ms)[0m  [1m[34mSELECT "schema_migrations".* FROM "schema_migrations"[0m
Processing by Users::SessionsController#new as HTML
  Rendering users/sessions/new.html.erb within layouts/application
  Rendered /home/kathleen/.rvm/gems/ruby-2.3.1/gems/devise-4.2.0/app/views/devise/shared/_links.html.erb (4.0ms)
  Rendered users/sessions/new.html.erb within layouts/application (60.4ms)
  Rendered layouts/_header.html.erb (6.5ms)
Completed 200 OK in 944ms (Views: 906.2ms | ActiveRecord: 1.0ms)


Started POST "/users/sign_in" for 127.0.0.1 at 2016-11-05 14:59:27 -0400
Processing by Users::SessionsController#create as HTML
  Parameters: {"utf8"=>"✓", "authenticity_token"=>"BNfxj3dR6nRHJSvOtJmK6ov4LYczZ9cUNrc9Wfvo+bFm3pZz4Kb2BDX/y0JN30hPoD6YWqJZwkExwwWIFB2hpw==", "user"=>{"email"=>"kaleisgreat@doodle.com", "password"=>"[FILTERED]"}, "commit"=>"Log in"}
  [1m[36mUser Load (0.2ms)[0m  [1m[34mSELECT  "users".* FROM "users" WHERE "users"."email" = ? ORDER BY "users"."id" ASC LIMIT ?[0m  [["email", "kaleisgreat@doodle.com"], ["LIMIT", 1]]
Redirected to http://localhost:3000/
Completed 302 Found in 340ms (ActiveRecord: 0.2ms)


Started GET "/" for 127.0.0.1 at 2016-11-05 14:59:28 -0400
Processing by HomeController#index as HTML
  Rendering home/index.html.erb within layouts/application
  [1m[36mCourse Load (0.2ms)[0m  [1m[34mSELECT "courses".* FROM "courses"[0m
  [1m[36mUser Load (0.1ms)[0m  [1m[34mSELECT  "users".* FROM "users" WHERE "users"."id" = ? ORDER BY "users"."id" ASC LIMIT ?[0m  [["id", 3], ["LIMIT", 1]]
  [1m[36mUser Load (0.2ms)[0m  [1m[34mSELECT  "users".* FROM "users" WHERE "users"."id" = ? LIMIT ?[0m  [["id", 1], ["LIMIT", 1]]
  [1m[36mTask Load (0.2ms)[0m  [1m[34mSELECT  "tasks".* FROM "tasks" WHERE "tasks"."course_id" = ? ORDER BY "tasks"."created_at" ASC LIMIT ?[0m  [["course_id", 1], ["LIMIT", 1]]
  [1m[36mCACHE (0.0ms)[0m  [1m[34mSELECT  "tasks".* FROM "tasks" WHERE "tasks"."course_id" = ? ORDER BY "tasks"."created_at" ASC LIMIT ?[0m  [["course_id", 1], ["LIMIT", 1]]
  [1m[36mCACHE (0.0ms)[0m  [1m[34mSELECT  "tasks".* FROM "tasks" WHERE "tasks"."course_id" = ? ORDER BY "tasks"."created_at" ASC LIMIT ?[0m  [["course_id", 1], ["LIMIT", 1]]
  [1m[36mUser Load (1.0ms)[0m  [1m[34mSELECT  "users".* FROM "users" WHERE "users"."id" = ? LIMIT ?[0m  [["id", 2], ["LIMIT", 1]]
  [1m[36mTask Load (0.3ms)[0m  [1m[34mSELECT  "tasks".* FROM "tasks" WHERE "tasks"."course_id" = ? ORDER BY "tasks"."created_at" ASC LIMIT ?[0m  [["course_id", 2], ["LIMIT", 1]]
  [1m[36mCACHE (0.3ms)[0m  [1m[34mSELECT  "tasks".* FROM "tasks" WHERE "tasks"."course_id" = ? ORDER BY "tasks"."created_at" ASC LIMIT ?[0m  [["course_id", 2], ["LIMIT", 1]]
  [1m[36mCACHE (0.0ms)[0m  [1m[34mSELECT  "tasks".* FROM "tasks" WHERE "tasks"."course_id" = ? ORDER BY "tasks"."created_at" ASC LIMIT ?[0m  [["course_id", 2], ["LIMIT", 1]]
  [1m[36mCACHE (0.0ms)[0m  [1m[34mSELECT  "users".* FROM "users" WHERE "users"."id" = ? LIMIT ?[0m  [["id", 2], ["LIMIT", 1]]
  [1m[36mTask Load (0.2ms)[0m  [1m[34mSELECT  "tasks".* FROM "tasks" WHERE "tasks"."course_id" = ? ORDER BY "tasks"."created_at" ASC LIMIT ?[0m  [["course_id", 3], ["LIMIT", 1]]
  [1m[36mCACHE (0.0ms)[0m  [1m[34mSELECT  "tasks".* FROM "tasks" WHERE "tasks"."course_id" = ? ORDER BY "tasks"."created_at" ASC LIMIT ?[0m  [["course_id", 3], ["LIMIT", 1]]
  [1m[36mCACHE (0.0ms)[0m  [1m[34mSELECT  "tasks".* FROM "tasks" WHERE "tasks"."course_id" = ? ORDER BY "tasks"."created_at" ASC LIMIT ?[0m  [["course_id", 3], ["LIMIT", 1]]
  [1m[36mUser Load (0.1ms)[0m  [1m[34mSELECT  "users".* FROM "users" WHERE "users"."id" = ? LIMIT ?[0m  [["id", 3], ["LIMIT", 1]]
  [1m[36mTask Load (0.3ms)[0m  [1m[34mSELECT  "tasks".* FROM "tasks" WHERE "tasks"."course_id" = ? ORDER BY "tasks"."created_at" ASC LIMIT ?[0m  [["course_id", 4], ["LIMIT", 1]]
  [1m[36mCACHE (0.0ms)[0m  [1m[34mSELECT  "tasks".* FROM "tasks" WHERE "tasks"."course_id" = ? ORDER BY "tasks"."created_at" ASC LIMIT ?[0m  [["course_id", 4], ["LIMIT", 1]]
  [1m[36mCACHE (0.0ms)[0m  [1m[34mSELECT  "tasks".* FROM "tasks" WHERE "tasks"."course_id" = ? ORDER BY "tasks"."created_at" ASC LIMIT ?[0m  [["course_id", 4], ["LIMIT", 1]]
  Rendered home/index.html.erb within layouts/application (188.8ms)
  Rendered layouts/_header.html.erb (19.1ms)
Completed 200 OK in 372ms (Views: 304.2ms | ActiveRecord: 11.3ms)


Started GET "/courses/new" for 127.0.0.1 at 2016-11-05 14:59:33 -0400
Processing by CoursesController#new as HTML
  [1m[36mUser Load (0.2ms)[0m  [1m[34mSELECT  "users".* FROM "users" WHERE "users"."id" = ? ORDER BY "users"."id" ASC LIMIT ?[0m  [["id", 3], ["LIMIT", 1]]
  Rendering courses/new.html.erb within layouts/application
  Rendered courses/new.html.erb within layouts/application (9.0ms)
  Rendered layouts/_header.html.erb (7.4ms)
Completed 200 OK in 177ms (Views: 160.5ms | ActiveRecord: 0.2ms)


